<?xml version="1.0" encoding="UTF-8"?>
<!-- Generated by org.testng.reporters.JUnitReportReporter -->
<testsuite hostname="Lenovo" failures="0" tests="1" name="TestNG.SimpleTest_TestNG" time="4.685" errors="0" timestamp="2024-01-14T19:39:06 IST" skipped="0">
  <testcase classname="TestNG.SimpleTest_TestNG" name="verifyPageTitle" time="4.685"/>
</testsuite> <!-- TestNG.SimpleTest_TestNG -->
